<?xml version="1.0" encoding="UTF-8"?>
<testsuite name="ScrabbleScoreTest" tests="11" skipped="0" failures="0" errors="0" timestamp="2019-09-21T00:37:07" hostname="BP188017" time="0.015">
  <properties/>
  <testcase name="testAShortValuableWord" classname="ScrabbleScoreTest" time="0.004"/>
  <testcase name="testEntireAlphabetAvailable" classname="ScrabbleScoreTest" time="0.004"/>
  <testcase name="testAUpperCaseLetter" classname="ScrabbleScoreTest" time="0.0"/>
  <testcase name="testALongMixCaseWord" classname="ScrabbleScoreTest" time="0.001"/>
  <testcase name="testAEnglishLikeWord" classname="ScrabbleScoreTest" time="0.001"/>
  <testcase name="testAValuableLetter" classname="ScrabbleScoreTest" time="0.001"/>
  <testcase name="testALowerCaseLetter" classname="ScrabbleScoreTest" time="0.0"/>
  <testcase name="testAMediumWord" classname="ScrabbleScoreTest" time="0.001"/>
  <testcase name="testAnEmptyInput" classname="ScrabbleScoreTest" time="0.0"/>
  <testcase name="testAShortWord" classname="ScrabbleScoreTest" time="0.001"/>
  <testcase name="testAMediumValuableWord" classname="ScrabbleScoreTest" time="0.001"/>
  <system-out><![CDATA[Z
10
O
11
O
12
A
1
B
4
C
7
D
9
E
10
F
14
G
16
H
20
I
21
J
29
K
34
L
35
M
38
N
39
O
40
P
43
Q
53
R
54
S
55
T
56
U
57
V
61
W
65
X
73
Y
77
Z
87
A
1
O
1
X
9
Y
13
P
16
H
20
E
21
N
22
B
25
U
26
T
27
A
28
Z
38
O
39
N
40
E
41
P
3
I
4
N
5
A
6
T
7
A
8
F
4
A
1
S
1
T
2
R
3
E
4
E
5
T
6
A
1
T
2
Q
10
U
11
I
12
R
13
K
18
Y
22
]]></system-out>
  <system-err><![CDATA[]]></system-err>
</testsuite>
